C:\Users\ladsa\RiderProjects\DeMontfordTest\ui\dist\out-tsc\app\app-routing.module.js
C:\Users\ladsa\RiderProjects\DeMontfordTest\ui\dist\out-tsc\app\app-routing.module.js.map
C:\Users\ladsa\RiderProjects\DeMontfordTest\ui\dist\out-tsc\app\app.component.js
C:\Users\ladsa\RiderProjects\DeMontfordTest\ui\dist\out-tsc\app\app.component.js.map
C:\Users\ladsa\RiderProjects\DeMontfordTest\ui\dist\out-tsc\app\shared\board.js
C:\Users\ladsa\RiderProjects\DeMontfordTest\ui\dist\out-tsc\app\shared\board.js.map
C:\Users\ladsa\RiderProjects\DeMontfordTest\ui\dist\out-tsc\environments\environment.js
C:\Users\ladsa\RiderProjects\DeMontfordTest\ui\dist\out-tsc\environments\environment.js.map
C:\Users\ladsa\RiderProjects\DeMontfordTest\ui\dist\out-tsc\app\shared\board.service.js
C:\Users\ladsa\RiderProjects\DeMontfordTest\ui\dist\out-tsc\app\shared\board.service.js.map
C:\Users\ladsa\RiderProjects\DeMontfordTest\ui\dist\out-tsc\app\shared\ship.js
C:\Users\ladsa\RiderProjects\DeMontfordTest\ui\dist\out-tsc\app\shared\ship.js.map
C:\Users\ladsa\RiderProjects\DeMontfordTest\ui\dist\out-tsc\app\shared\ship.service.js
C:\Users\ladsa\RiderProjects\DeMontfordTest\ui\dist\out-tsc\app\shared\ship.service.js.map
C:\Users\ladsa\RiderProjects\DeMontfordTest\ui\dist\out-tsc\app\components\battle-board\battle-board.component.js
C:\Users\ladsa\RiderProjects\DeMontfordTest\ui\dist\out-tsc\app\components\battle-board\battle-board.component.js.map
C:\Users\ladsa\RiderProjects\DeMontfordTest\ui\dist\out-tsc\app\app.module.js
C:\Users\ladsa\RiderProjects\DeMontfordTest\ui\dist\out-tsc\app\app.module.js.map
C:\Users\ladsa\RiderProjects\DeMontfordTest\ui\dist\out-tsc\main.js
C:\Users\ladsa\RiderProjects\DeMontfordTest\ui\dist\out-tsc\main.js.map
C:\Users\ladsa\RiderProjects\DeMontfordTest\ui\dist\out-tsc\polyfills.js
C:\Users\ladsa\RiderProjects\DeMontfordTest\ui\dist\out-tsc\polyfills.js.map
C:\Users\ladsa\RiderProjects\DeMontfordTest\ui\dist\out-tsc\test.js
C:\Users\ladsa\RiderProjects\DeMontfordTest\ui\dist\out-tsc\test.js.map
C:\Users\ladsa\RiderProjects\DeMontfordTest\ui\dist\out-tsc\app\app.component.spec.js
C:\Users\ladsa\RiderProjects\DeMontfordTest\ui\dist\out-tsc\app\app.component.spec.js.map
C:\Users\ladsa\RiderProjects\DeMontfordTest\ui\dist\out-tsc\app\components\battle-board\battle-board.component.spec.js
C:\Users\ladsa\RiderProjects\DeMontfordTest\ui\dist\out-tsc\app\components\battle-board\battle-board.component.spec.js.map
C:\Users\ladsa\RiderProjects\DeMontfordTest\ui\dist\out-tsc\environments\environment.prod.js
C:\Users\ladsa\RiderProjects\DeMontfordTest\ui\dist\out-tsc\environments\environment.prod.js.map
